{"/Users/anmolvarma/projects/houseShare/api/apiHelper.js": {"path":"/Users/anmolvarma/projects/houseShare/api/apiHelper.js","statementMap":{"0":{"start":{"line":5,"column":4},"end":{"line":5,"column":78}},"1":{"start":{"line":5,"column":56},"end":{"line":5,"column":59}},"2":{"start":{"line":5,"column":74},"end":{"line":5,"column":77}}},"fnMap":{"0":{"name":"getAllHouseList","decl":{"start":{"line":4,"column":22},"end":{"line":4,"column":37}},"loc":{"start":{"line":4,"column":40},"end":{"line":6,"column":1}},"line":4},"1":{"name":"(anonymous_1)","decl":{"start":{"line":5,"column":49},"end":{"line":5,"column":50}},"loc":{"start":{"line":5,"column":56},"end":{"line":5,"column":59}},"line":5},"2":{"name":"(anonymous_2)","decl":{"start":{"line":5,"column":67},"end":{"line":5,"column":68}},"loc":{"start":{"line":5,"column":74},"end":{"line":5,"column":77}},"line":5}},"branchMap":{},"s":{"0":3,"1":1,"2":1},"f":{"0":3,"1":1,"2":1},"b":{},"_coverageSchema":"43e27e138ebf9cfc5966b082cf9a028302ed4184","hash":"7183eccde6a891dc1cc368132ebc292fd0ab2254"}
,"/Users/anmolvarma/projects/houseShare/component/Header/index.js": {"path":"/Users/anmolvarma/projects/houseShare/component/Header/index.js","statementMap":{"0":{"start":{"line":14,"column":15},"end":{"line":14,"column":39}},"1":{"start":{"line":18,"column":8},"end":{"line":22,"column":10}}},"fnMap":{"0":{"name":"(anonymous_0)","decl":{"start":{"line":17,"column":4},"end":{"line":17,"column":5}},"loc":{"start":{"line":17,"column":13},"end":{"line":23,"column":5}},"line":17}},"branchMap":{},"s":{"0":2,"1":2},"f":{"0":2},"b":{},"_coverageSchema":"43e27e138ebf9cfc5966b082cf9a028302ed4184","hash":"64317b5b150dba54119fe7fa075186a69cc958c9"}
,"/Users/anmolvarma/projects/houseShare/component/Header/style.js": {"path":"/Users/anmolvarma/projects/houseShare/component/Header/style.js","statementMap":{},"fnMap":{},"branchMap":{},"s":{},"f":{},"b":{},"_coverageSchema":"43e27e138ebf9cfc5966b082cf9a028302ed4184","hash":"8a8816b863ca681dc7d921801f9c45162adb62c9"}
,"/Users/anmolvarma/projects/houseShare/component/HomeList/index.js": {"path":"/Users/anmolvarma/projects/houseShare/component/HomeList/index.js","statementMap":{"0":{"start":{"line":16,"column":15},"end":{"line":16,"column":39}},"1":{"start":{"line":20,"column":8},"end":{"line":20,"column":15}},"2":{"start":{"line":21,"column":8},"end":{"line":23,"column":10}},"3":{"start":{"line":26,"column":29},"end":{"line":32,"column":9}},"4":{"start":{"line":33,"column":24},"end":{"line":33,"column":47}},"5":{"start":{"line":34,"column":8},"end":{"line":42,"column":10}},"6":{"start":{"line":35,"column":12},"end":{"line":36,"column":56}},"7":{"start":{"line":36,"column":16},"end":{"line":36,"column":56}},"8":{"start":{"line":37,"column":12},"end":{"line":38,"column":62}},"9":{"start":{"line":38,"column":16},"end":{"line":38,"column":62}},"10":{"start":{"line":39,"column":12},"end":{"line":40,"column":80}},"11":{"start":{"line":40,"column":16},"end":{"line":40,"column":80}},"12":{"start":{"line":41,"column":12},"end":{"line":41,"column":34}},"13":{"start":{"line":43,"column":8},"end":{"line":45,"column":11}},"14":{"start":{"line":48,"column":8},"end":{"line":55,"column":10}},"15":{"start":{"line":51,"column":47},"end":{"line":51,"column":58}},"16":{"start":{"line":52,"column":42},"end":{"line":52,"column":158}}},"fnMap":{"0":{"name":"(anonymous_0)","decl":{"start":{"line":19,"column":4},"end":{"line":19,"column":5}},"loc":{"start":{"line":19,"column":18},"end":{"line":24,"column":5}},"line":19},"1":{"name":"(anonymous_1)","decl":{"start":{"line":25,"column":4},"end":{"line":25,"column":5}},"loc":{"start":{"line":25,"column":31},"end":{"line":46,"column":5}},"line":25},"2":{"name":"(anonymous_2)","decl":{"start":{"line":34,"column":44},"end":{"line":34,"column":45}},"loc":{"start":{"line":34,"column":63},"end":{"line":42,"column":9}},"line":34},"3":{"name":"(anonymous_3)","decl":{"start":{"line":47,"column":4},"end":{"line":47,"column":5}},"loc":{"start":{"line":47,"column":13},"end":{"line":56,"column":5}},"line":47},"4":{"name":"(anonymous_4)","decl":{"start":{"line":51,"column":30},"end":{"line":51,"column":31}},"loc":{"start":{"line":51,"column":47},"end":{"line":51,"column":58}},"line":51},"5":{"name":"(anonymous_5)","decl":{"start":{"line":52,"column":28},"end":{"line":52,"column":29}},"loc":{"start":{"line":52,"column":42},"end":{"line":52,"column":158}},"line":52}},"branchMap":{"0":{"loc":{"start":{"line":35,"column":12},"end":{"line":36,"column":56}},"type":"if","locations":[{"start":{"line":35,"column":12},"end":{"line":36,"column":56}},{"start":{"line":35,"column":12},"end":{"line":36,"column":56}}],"line":35},"1":{"loc":{"start":{"line":37,"column":12},"end":{"line":38,"column":62}},"type":"if","locations":[{"start":{"line":37,"column":12},"end":{"line":38,"column":62}},{"start":{"line":37,"column":12},"end":{"line":38,"column":62}}],"line":37},"2":{"loc":{"start":{"line":39,"column":12},"end":{"line":40,"column":80}},"type":"if","locations":[{"start":{"line":39,"column":12},"end":{"line":40,"column":80}},{"start":{"line":39,"column":12},"end":{"line":40,"column":80}}],"line":39}},"s":{"0":2,"1":2,"2":2,"3":2,"4":2,"5":1,"6":5,"7":2,"8":5,"9":2,"10":5,"11":1,"12":5,"13":1,"14":3,"15":8,"16":5},"f":{"0":2,"1":2,"2":5,"3":3,"4":8,"5":5},"b":{"0":[2,3],"1":[2,3],"2":[1,4]},"_coverageSchema":"43e27e138ebf9cfc5966b082cf9a028302ed4184","hash":"dbdb4c4365db6454ed1f1a7170ea578ec64aa1fb"}
,"/Users/anmolvarma/projects/houseShare/component/HomeList/style.js": {"path":"/Users/anmolvarma/projects/houseShare/component/HomeList/style.js","statementMap":{},"fnMap":{},"branchMap":{},"s":{},"f":{},"b":{},"_coverageSchema":"43e27e138ebf9cfc5966b082cf9a028302ed4184","hash":"7af065291dfd6c6c34abe727cfc4ec7d80603073"}
,"/Users/anmolvarma/projects/houseShare/component/HomeRow/index.js": {"path":"/Users/anmolvarma/projects/houseShare/component/HomeRow/index.js","statementMap":{"0":{"start":{"line":14,"column":15},"end":{"line":14,"column":39}},"1":{"start":{"line":17,"column":8},"end":{"line":25,"column":10}}},"fnMap":{"0":{"name":"(anonymous_0)","decl":{"start":{"line":16,"column":4},"end":{"line":16,"column":5}},"loc":{"start":{"line":16,"column":13},"end":{"line":26,"column":5}},"line":16}},"branchMap":{},"s":{"0":3,"1":6},"f":{"0":6},"b":{},"_coverageSchema":"43e27e138ebf9cfc5966b082cf9a028302ed4184","hash":"2b96b1e185c6f6ce1b6a9bfd4e0850dd0b1f2a47"}
,"/Users/anmolvarma/projects/houseShare/component/HomeRow/style.js": {"path":"/Users/anmolvarma/projects/houseShare/component/HomeRow/style.js","statementMap":{},"fnMap":{},"branchMap":{},"s":{},"f":{},"b":{},"_coverageSchema":"43e27e138ebf9cfc5966b082cf9a028302ed4184","hash":"c30d0798adf79f521d3b2fa97eb772e5cb99802c"}
,"/Users/anmolvarma/projects/houseShare/constant/url.js": {"path":"/Users/anmolvarma/projects/houseShare/constant/url.js","statementMap":{},"fnMap":{},"branchMap":{},"s":{},"f":{},"b":{},"_coverageSchema":"43e27e138ebf9cfc5966b082cf9a028302ed4184","hash":"33cd02f557213780384c5ccd1ac8161474f4e11e"}
,"/Users/anmolvarma/projects/houseShare/container/App/index.js": {"path":"/Users/anmolvarma/projects/houseShare/container/App/index.js","statementMap":{"0":{"start":{"line":16,"column":15},"end":{"line":16,"column":39}},"1":{"start":{"line":20,"column":4},"end":{"line":25,"column":6}}},"fnMap":{"0":{"name":"(anonymous_0)","decl":{"start":{"line":19,"column":2},"end":{"line":19,"column":3}},"loc":{"start":{"line":19,"column":11},"end":{"line":26,"column":3}},"line":19}},"branchMap":{},"s":{"0":1,"1":1},"f":{"0":1},"b":{},"_coverageSchema":"43e27e138ebf9cfc5966b082cf9a028302ed4184","hash":"e3f509129d67bfe91cf15c16a938aaf4ae43a61f"}
,"/Users/anmolvarma/projects/houseShare/container/App/style.js": {"path":"/Users/anmolvarma/projects/houseShare/container/App/style.js","statementMap":{},"fnMap":{},"branchMap":{},"s":{},"f":{},"b":{},"_coverageSchema":"43e27e138ebf9cfc5966b082cf9a028302ed4184","hash":"a88a45d51be5e3269168d98c255911c42dd0d846"}
}
