TN:
SF:/Users/anmolvarma/projects/houseShare/api/apiHelper.js
FN:4,getAllHouseList
FN:5,(anonymous_1)
FN:5,(anonymous_2)
FNF:3
FNH:3
FNDA:3,getAllHouseList
FNDA:1,(anonymous_1)
FNDA:1,(anonymous_2)
DA:5,3
LF:1
LH:1
BRF:0
BRH:0
end_of_record
TN:
SF:/Users/anmolvarma/projects/houseShare/component/Header/index.js
FN:17,(anonymous_0)
FNF:1
FNH:1
FNDA:2,(anonymous_0)
DA:14,2
DA:18,2
LF:2
LH:2
BRF:0
BRH:0
end_of_record
TN:
SF:/Users/anmolvarma/projects/houseShare/component/Header/style.js
FNF:0
FNH:0
LF:0
LH:0
BRF:0
BRH:0
end_of_record
TN:
SF:/Users/anmolvarma/projects/houseShare/component/HomeList/index.js
FN:19,(anonymous_0)
FN:25,(anonymous_1)
FN:34,(anonymous_2)
FN:47,(anonymous_3)
FN:51,(anonymous_4)
FN:52,(anonymous_5)
FNF:6
FNH:6
FNDA:2,(anonymous_0)
FNDA:2,(anonymous_1)
FNDA:5,(anonymous_2)
FNDA:3,(anonymous_3)
FNDA:8,(anonymous_4)
FNDA:5,(anonymous_5)
DA:16,2
DA:20,2
DA:21,2
DA:26,2
DA:33,2
DA:34,1
DA:35,5
DA:36,2
DA:37,5
DA:38,2
DA:39,5
DA:40,1
DA:41,5
DA:43,1
DA:48,3
DA:51,8
DA:52,5
LF:17
LH:17
BRDA:35,0,0,2
BRDA:35,0,1,3
BRDA:37,1,0,2
BRDA:37,1,1,3
BRDA:39,2,0,1
BRDA:39,2,1,4
BRF:6
BRH:6
end_of_record
TN:
SF:/Users/anmolvarma/projects/houseShare/component/HomeList/style.js
FNF:0
FNH:0
LF:0
LH:0
BRF:0
BRH:0
end_of_record
TN:
SF:/Users/anmolvarma/projects/houseShare/component/HomeRow/index.js
FN:16,(anonymous_0)
FNF:1
FNH:1
FNDA:6,(anonymous_0)
DA:14,3
DA:17,6
LF:2
LH:2
BRF:0
BRH:0
end_of_record
TN:
SF:/Users/anmolvarma/projects/houseShare/component/HomeRow/style.js
FNF:0
FNH:0
LF:0
LH:0
BRF:0
BRH:0
end_of_record
TN:
SF:/Users/anmolvarma/projects/houseShare/constant/url.js
FNF:0
FNH:0
LF:0
LH:0
BRF:0
BRH:0
end_of_record
TN:
SF:/Users/anmolvarma/projects/houseShare/container/App/index.js
FN:19,(anonymous_0)
FNF:1
FNH:1
FNDA:1,(anonymous_0)
DA:16,1
DA:20,1
LF:2
LH:2
BRF:0
BRH:0
end_of_record
TN:
SF:/Users/anmolvarma/projects/houseShare/container/App/style.js
FNF:0
FNH:0
LF:0
LH:0
BRF:0
BRH:0
end_of_record
